<?xml version="1.0" encoding="UTF-8"?>
<testsuite name="com.ortegatorres.bo.TestBOTest" tests="1" skipped="0" failures="0" errors="0" timestamp="2020-07-04T20:54:45" hostname="Placidos-MacBook-Pro.local" time="0.003">
  <properties/>
  <testcase name="test" classname="com.ortegatorres.bo.TestBOTest" time="0.003"/>
  <system-out><![CDATA[]]></system-out>
  <system-err><![CDATA[]]></system-err>
</testsuite>
